2026-02-25 12:28:31,767 - INFO - ====== WebDriver manager ======
2026-02-25 12:28:32,365 - INFO - Get LATEST chromedriver version for google-chrome
2026-02-25 12:28:32,788 - INFO - Get LATEST chromedriver version for google-chrome
2026-02-25 12:28:33,160 - INFO - Driver [C:\Users\mox20\.wdm\drivers\chromedriver\win64\145.0.7632.117\chromedriver-win32/chromedriver.exe] found in cache
2026-02-25 12:28:34,131 - INFO - Chrome瀏覽器已成功啟動
2026-02-25 12:28:38,871 - INFO - 找到 106 個活動
2026-02-25 12:28:38,871 - INFO - 處理進度：1/106
2026-02-25 12:28:38,871 - INFO - 正在處理活動：https://tixcraft.com/activity/detail/26_fujirock
2026-02-25 12:28:39,409 - WARNING - 未找到intro區塊，嘗試其他選擇器
2026-02-25 12:28:39,414 - INFO - 活動 1：未找到
2026-02-25 12:28:39,415 - INFO -   日期：未找到
2026-02-25 12:28:39,415 - INFO -   時間：未找到
2026-02-25 12:28:39,415 - INFO -   地點：未找到
2026-02-25 12:28:39,415 - INFO -   票價：未找到
2026-02-25 12:28:39,415 - INFO -   售票時間：未找到
2026-02-25 12:28:40,416 - INFO - 處理進度：2/106
2026-02-25 12:28:40,416 - INFO - 正在處理活動：https://tixcraft.com/activity/detail/26_mltr
2026-02-25 12:28:40,942 - WARNING - 未找到intro區塊，嘗試其他選擇器
2026-02-25 12:28:40,945 - INFO - 活動 2：未找到
2026-02-25 12:28:40,946 - INFO -   日期：未找到
2026-02-25 12:28:40,946 - INFO -   時間：未找到
2026-02-25 12:28:40,946 - INFO -   地點：未找到
2026-02-25 12:28:40,946 - INFO -   票價：未找到
2026-02-25 12:28:40,946 - INFO -   售票時間：未找到
2026-02-25 12:28:41,947 - INFO - 處理進度：3/106
2026-02-25 12:28:41,947 - INFO - 正在處理活動：https://tixcraft.com/activity/detail/26_kamenashi
2026-02-25 12:28:42,391 - WARNING - 未找到intro區塊，嘗試其他選擇器
2026-02-25 12:28:42,395 - INFO - 活動 3：未找到
2026-02-25 12:28:42,395 - INFO -   日期：未找到
2026-02-25 12:28:42,395 - INFO -   時間：未找到
2026-02-25 12:28:42,395 - INFO -   地點：未找到
2026-02-25 12:28:42,395 - INFO -   票價：未找到
2026-02-25 12:28:42,396 - INFO -   售票時間：未找到
2026-02-25 12:28:43,396 - INFO - 處理進度：4/106
2026-02-25 12:28:43,396 - INFO - 正在處理活動：https://tixcraft.com/activity/detail/26_anson_c
2026-02-25 12:28:45,315 - INFO - 提取到 121 行文字內容
2026-02-25 12:28:45,316 - INFO - 活動 4：【Mastercard專區】Anson Seabra：The I Must Be Dreaming Tour
2026-02-25 12:28:45,317 - INFO -   日期：時間：2026/01/19 (一) 11:00 ~ 2026/01/20 (二) 11:00
2026-02-25 12:28:45,317 - INFO -   時間：未找到
2026-02-25 12:28:45,317 - INFO -   地點：● 地點：Legacy Taipei
2026-02-25 12:28:45,317 - INFO -   票價：● 票價：NT$ 1,980 / 990 (身障優惠票)
2026-02-25 12:28:45,317 - INFO -   售票時間：未找到
2026-02-25 12:28:46,317 - INFO - 處理進度：5/106
2026-02-25 12:28:46,317 - INFO - 正在處理活動：https://tixcraft.com/activity/detail/26_anson
2026-02-25 12:28:47,583 - INFO - 提取到 98 行文字內容
2026-02-25 12:28:47,584 - INFO - 活動 5：Anson Seabra：The I Must Be Dreaming Tour
2026-02-25 12:28:47,584 - INFO -   日期：時間：2026/01/19 (一) 11:00 ~ 2026/01/20 (二) 11:00
2026-02-25 12:28:47,584 - INFO -   時間：未找到
2026-02-25 12:28:47,584 - INFO -   地點：● 地點：Legacy Taipei
2026-02-25 12:28:47,584 - INFO -   票價：● 票價：NT$ 1,980 / 990 (身障優惠票)
2026-02-25 12:28:47,584 - INFO -   售票時間：時間：2026/01/22 (四) 11:00 全面開賣
2026-02-25 12:28:48,585 - INFO - 處理進度：6/106
2026-02-25 12:28:48,585 - INFO - 正在處理活動：https://tixcraft.com/activity/detail/26_anson_v
2026-02-25 12:28:49,773 - INFO - 提取到 78 行文字內容
2026-02-25 12:28:49,774 - INFO - 活動 6：【VIP Upgrade/升級VIP】Anson Seabra：The I Must Be Dreaming Tour
2026-02-25 12:28:49,774 - INFO -   日期：2026/01/19 (
2026-02-25 12:28:49,775 - INFO -   時間：未找到
2026-02-25 12:28:49,775 - INFO -   地點：● 地點：Legacy Taipei
2026-02-25 12:28:49,775 - INFO -   票價：NT$ 2,600
2026-02-25 12:28:49,775 - INFO -   售票時間：未找到
2026-02-25 12:28:50,775 - INFO - 處理進度：7/106
2026-02-25 12:28:50,775 - INFO - 正在處理活動：https://tixcraft.com/activity/detail/26_ztmy_a
2026-02-25 12:28:53,090 - INFO - 提取到 85 行文字內容
2026-02-25 12:28:53,090 - INFO - 活動 7：ZUTOMAYO INTENSE II「坐•ZOMBIE CRAB LABO」TAIPEI
2026-02-25 12:28:53,091 - INFO -   日期：2026/5/16 (六) 18:00
2026-02-25 12:28:53,091 - INFO -   時間：未找到
2026-02-25 12:28:53,091 - INFO -   地點：🎸演出地點：新北市工商展覽中心（新北市五股區五權路1號）
2026-02-25 12:28:53,091 - INFO -   票價：VVIP NT $4,800
2026-02-25 12:28:53,091 - INFO -   售票時間：會員售票時間：2/7（六）12:00 ~ 2/8（日）12:00
2026-02-25 12:28:54,092 - INFO - 處理進度：8/106
2026-02-25 12:28:54,092 - INFO - 正在處理活動：https://tixcraft.com/activity/detail/26_chyiyu
2026-02-25 12:28:55,365 - INFO - 提取到 21 行文字內容
2026-02-25 12:28:55,366 - INFO - 活動 8：齊豫 風采依舊．在 台北 演唱會
2026-02-25 12:28:55,366 - INFO -   日期：未找到
2026-02-25 12:28:55,366 - INFO -   時間：演出時間: 5月9日(六) 19:30 PM
2026-02-25 12:28:55,367 - INFO -   地點：地點:台北流行音樂中心
2026-02-25 12:28:55,367 - INFO -   票價：未找到
2026-02-25 12:28:55,367 - INFO -   售票時間：未找到
2026-02-25 12:28:56,367 - INFO - 處理進度：9/106
2026-02-25 12:28:56,367 - INFO - 正在處理活動：https://tixcraft.com/activity/detail/26_cxm_d
2026-02-25 12:28:57,503 - INFO - 提取到 45 行文字內容
2026-02-25 12:28:57,504 - INFO - 活動 9：[身心障礙優惠票購票頁面] CxM [DOUBLE UP] LIVE PARTY in KAOHSIUNG
2026-02-25 12:28:57,504 - INFO -   日期：💎加場：2026/04/24（五）7:30 PM
2026-02-25 12:28:57,504 - INFO -   時間：未找到
2026-02-25 12:28:57,504 - INFO -   地點：📍演出地點：高雄巨蛋
2026-02-25 12:28:57,504 - INFO -   票價：🎫演出票價：$6,880 / $6,280 / $5,880 / $4,880 / $3,880 / 一般身障票$3,440 / 輪椅身障票$1,940（本次演出為全場實名制）
2026-02-25 12:28:57,505 - INFO -   售票時間：未找到
2026-02-25 12:28:58,505 - INFO - 處理進度：10/106
2026-02-25 12:28:58,505 - INFO - 正在處理活動：https://tixcraft.com/activity/detail/26_cxm
2026-02-25 12:28:59,587 - INFO - 提取到 52 行文字內容
2026-02-25 12:28:59,587 - INFO - 活動 10：CxM [DOUBLE UP] LIVE PARTY in KAOHSIUNG
2026-02-25 12:28:59,588 - INFO -   日期：💎加場：2026/04/24（五）7:30 PM
2026-02-25 12:28:59,588 - INFO -   時間：未找到
2026-02-25 12:28:59,588 - INFO -   地點：📍演出地點：高雄巨蛋
2026-02-25 12:28:59,588 - INFO -   票價：🎫演出票價：$6,880 / $6,280 / $5,880 / $4,880 / $3,880 / 一般身障票$3,440 / 輪椅身障票$1,940（本次演出為全場實名制）
2026-02-25 12:28:59,588 - INFO -   售票時間：未找到
2026-02-25 12:29:00,589 - INFO - 處理進度：11/106
2026-02-25 12:29:00,589 - INFO - 正在處理活動：https://tixcraft.com/activity/detail/26_amz
2026-02-25 12:29:02,233 - INFO - 提取到 94 行文字內容
2026-02-25 12:29:02,235 - INFO - 活動 11：amazarashi ASIA TOUR 2026 in TAIPEI
2026-02-25 12:29:02,235 - INFO -   日期：未找到
2026-02-25 12:29:02,235 - INFO -   時間：演出時間: 2026.04.24（五）19:00（實際演出時間以現場公告為準）
2026-02-25 12:29:02,235 - INFO -   地點：演出地點: Zepp New Taipei（新北市新莊區新北大道四段3號8樓）
2026-02-25 12:29:02,236 - INFO -   票價：1F站席（請依票面序號整隊入場）：2,980元
2026-02-25 12:29:02,236 - INFO -   售票時間：2026.01.25 (日) 18:00 拓元售票系統正式開賣
2026-02-25 12:29:03,237 - INFO - 處理進度：12/106
2026-02-25 12:29:03,237 - INFO - 正在處理活動：https://tixcraft.com/activity/detail/26_billyrrom
2026-02-25 12:29:05,801 - INFO - 提取到 38 行文字內容
2026-02-25 12:29:05,802 - INFO - 活動 12：Billyrrom Asia Tour 2026 “Jupiter=” in Taipei
2026-02-25 12:29:05,802 - INFO -   日期：演出時間：2026/4/18 （六）19:00（實際演出時間以現場公告為準）
2026-02-25 12:29:05,802 - INFO -   時間：演出時間：2026/4/18 （六）19:00（實際演出時間以現場公告為準）
2026-02-25 12:29:05,802 - INFO -   地點：演出地點：Legacy Taipei
2026-02-25 12:29:05,802 - INFO -   票價：票價：VIP NT$2,600／GA NT$1,800／當日票 NT$2,200／身障席 NT$900 (請依票面序號整隊入場)
2026-02-25 12:29:05,803 - INFO -   售票時間：售票時間: 2025.11.07（五）18:00
2026-02-25 12:29:06,803 - INFO - 處理進度：13/106
2026-02-25 12:29:06,803 - INFO - 正在處理活動：https://tixcraft.com/activity/detail/26_della
2026-02-25 12:29:08,077 - INFO - 提取到 29 行文字內容
2026-02-25 12:29:08,078 - INFO - 活動 13：丁噹Della 《夜遊 A Night Tour》高雄巨蛋夜未眠巡迴演唱會
2026-02-25 12:29:08,078 - INFO -   日期：未找到
2026-02-25 12:29:08,079 - INFO -   時間：未找到
2026-02-25 12:29:08,079 - INFO -   地點：未找到
2026-02-25 12:29:08,079 - INFO -   票價：我愛你 雙人套票區6000元/2
2026-02-25 12:29:08,079 - INFO -   售票時間：未找到
2026-02-25 12:29:09,079 - INFO - 處理進度：14/106
2026-02-25 12:29:09,079 - INFO - 正在處理活動：https://tixcraft.com/activity/detail/26_gem
2026-02-25 12:29:10,855 - INFO - 提取到 116 行文字內容
2026-02-25 12:29:10,856 - INFO - 活動 14：永豐金控｜銀行冠名贊助《G.E.M.鄧紫棋 I AM GLORIA 世界巡迴演唱會 2.0 － 台北站》
2026-02-25 12:29:10,856 - INFO -   日期：時間：2026/04/09 (四) 19:30（加場）
2026-02-25 12:29:10,856 - INFO -   時間：未找到
2026-02-25 12:29:10,856 - INFO -   地點：地點：臺北大巨蛋
2026-02-25 12:29:10,856 - INFO -   票價：一般票價：NT$ 6,880 / 5,880 / 4,880 / 3,880 / 2,880 / 2,280 / 1,680
2026-02-25 12:29:10,856 - INFO -   售票時間：2月11日早上11點全面開賣
2026-02-25 12:29:11,856 - INFO - 處理進度：15/106
2026-02-25 12:29:11,857 - INFO - 正在處理活動：https://tixcraft.com/activity/detail/26_monstax
2026-02-25 12:29:14,246 - INFO - 提取到 25 行文字內容
2026-02-25 12:29:14,247 - INFO - 活動 15：2026 MONSTA X WORLD TOUR [THE X ： NEXUS] IN TAIPEI
2026-02-25 12:29:14,247 - INFO -   日期：未找到
2026-02-25 12:29:14,247 - INFO -   時間：演出時間｜18:00 (實際演出時間以現場公告為準)
2026-02-25 12:29:14,247 - INFO -   地點：演出地點｜新北市工商展覽中心（新北市五股區五權路1號）
2026-02-25 12:29:14,247 - INFO -   票價：活動票價｜NT$6,600元 / NT$6,200元 / NT$5,800元 / NT$4,600元 / 身障區NT$3,300元
2026-02-25 12:29:14,247 - INFO -   售票時間：售票時間｜2026年1月24日(六) 15:00
2026-02-25 12:29:15,248 - INFO - 處理進度：16/106
2026-02-25 12:29:15,248 - INFO - 正在處理活動：https://tixcraft.com/activity/detail/26_jm2026
2026-02-25 12:29:16,122 - INFO - 提取到 15 行文字內容
2026-02-25 12:29:16,122 - INFO - 活動 16：Junior Mark Fan Meeting in Taipei 2026
2026-02-25 12:29:16,122 - INFO -   日期：未找到
2026-02-25 12:29:16,122 - INFO -   時間：演出時間：16:00 (依現場實際情況而定)
2026-02-25 12:29:16,122 - INFO -   地點：演出地點：WESTAR
2026-02-25 12:29:16,122 - INFO -   票價：活動票價：VIP區$8,800 / A區$7,600 / B區$5,600 / C區$3,200 / 身心席NT$1,600 (全區對號入座)
2026-02-25 12:29:16,122 - INFO -   售票時間：啟售時間 : 2026年2月26日(四) 12:00
2026-02-25 12:29:17,123 - INFO - 處理進度：17/106
2026-02-25 12:29:17,124 - INFO - 正在處理活動：https://tixcraft.com/activity/detail/26_treasure
2026-02-25 12:29:18,833 - INFO - 提取到 127 行文字內容
2026-02-25 12:29:18,834 - INFO - 活動 17：2025-26 TREASURE TOUR [PULSE ON] IN TAIPEI
2026-02-25 12:29:18,835 - INFO -   日期：時間：2026/03/28 (六) 18:00
2026-02-25 12:29:18,835 - INFO -   時間：未找到
2026-02-25 12:29:18,835 - INFO -   地點：地點：國立體育大學綜合體育館（林口體育館）
2026-02-25 12:29:18,835 - INFO -   票價：NT$ 5,800 / 4,800 / 3,800 / 2,800 / 2,900 (
2026-02-25 12:29:18,835 - INFO -   售票時間：未找到
2026-02-25 12:29:19,835 - INFO - 處理進度：18/106
2026-02-25 12:29:19,836 - INFO - 正在處理活動：https://tixcraft.com/activity/detail/26_treasure_c
2026-02-25 12:29:21,245 - INFO - 提取到 114 行文字內容
2026-02-25 12:29:21,246 - INFO - 活動 18：【Mastercard專區】2025-26 TREASURE TOUR [PULSE ON] IN TAIPEI
2026-02-25 12:29:21,246 - INFO -   日期：📅 時間Time：2026/03/28 (六) 18:00
2026-02-25 12:29:21,246 - INFO -   時間：未找到
2026-02-25 12:29:21,246 - INFO -   地點：📍 地點Venue：國立體育大學綜合體育館（林口體育館）NTSU Arena (Linkou Arena)
2026-02-25 12:29:21,246 - INFO -   票價：🎫 演出票價Price：NT$ 5,800 / 4,800 / 3,800 / 2,800
2026-02-25 12:29:21,246 - INFO -   售票時間：未找到
2026-02-25 12:29:22,247 - INFO - 處理進度：19/106
2026-02-25 12:29:22,247 - INFO - 正在處理活動：https://tixcraft.com/activity/detail/26_jehoon
2026-02-25 12:29:23,428 - INFO - 提取到 41 行文字內容
2026-02-25 12:29:23,429 - INFO - 活動 19：2026 李帝勳粉絲見面會《Our 20th Moment》台北站
2026-02-25 12:29:23,429 - INFO -   日期：時間：2026/03/01（日）PM3:01全面開賣
2026-02-25 12:29:23,429 - INFO -   時間：未找到
2026-02-25 12:29:23,429 - INFO -   地點：活動地點：台北國際會議中心 TICC
2026-02-25 12:29:23,429 - INFO -   票價：VIP區：NT$5,880
2026-02-25 12:29:23,429 - INFO -   售票時間：時間：2026/03/01（日）PM3:01全面開賣
2026-02-25 12:29:24,430 - INFO - 處理進度：20/106
2026-02-25 12:29:24,430 - INFO - 正在處理活動：https://tixcraft.com/activity/detail/26_junny
2026-02-25 12:29:25,394 - INFO - 提取到 24 行文字內容
2026-02-25 12:29:25,395 - INFO - 活動 20：Junny null ASIA Tour：Live In TAIPEI
2026-02-25 12:29:25,395 - INFO -   日期：未找到
2026-02-25 12:29:25,395 - INFO -   時間：未找到
2026-02-25 12:29:25,395 - INFO -   地點：未找到
2026-02-25 12:29:25,395 - INFO -   票價：未找到
2026-02-25 12:29:25,395 - INFO -   售票時間：未找到
2026-02-25 12:29:26,395 - INFO - 處理進度：21/106
2026-02-25 12:29:26,396 - INFO - 正在處理活動：https://tixcraft.com/activity/detail/26_megaport
2026-02-25 12:29:27,179 - INFO - 提取到 8 行文字內容
2026-02-25 12:29:27,179 - INFO - 活動 21：2026大港開唱X國泰世華銀行
2026-02-25 12:29:27,180 - INFO -   日期：加入時間：2025/12/04 12:00 起至 2025/12/14 23:59 止
2026-02-25 12:29:27,180 - INFO -   時間：未找到
2026-02-25 12:29:27,180 - INFO -   地點：未找到
2026-02-25 12:29:27,180 - INFO -   票價：未找到
2026-02-25 12:29:27,180 - INFO -   售票時間：未找到
2026-02-25 12:29:28,181 - INFO - 處理進度：22/106
2026-02-25 12:29:28,181 - INFO - 正在處理活動：https://tixcraft.com/activity/detail/26_megaport_c
2026-02-25 12:29:28,920 - INFO - 提取到 2 行文字內容
2026-02-25 12:29:28,920 - INFO - 活動 22：2026大港開唱X國泰世華銀行【國泰世華大樹套票】
2026-02-25 12:29:28,920 - INFO -   日期：未找到
2026-02-25 12:29:28,920 - INFO -   時間：未找到
2026-02-25 12:29:28,920 - INFO -   地點：未找到
2026-02-25 12:29:28,920 - INFO -   票價：未找到
2026-02-25 12:29:28,920 - INFO -   售票時間：未找到
2026-02-25 12:29:29,921 - INFO - 處理進度：23/106
2026-02-25 12:29:29,921 - INFO - 正在處理活動：https://tixcraft.com/activity/detail/26_megaport_d
2026-02-25 12:29:30,911 - INFO - 提取到 40 行文字內容
2026-02-25 12:29:30,911 - INFO - 活動 23：2026大港開唱X國泰世華銀行【身心障礙票券】
2026-02-25 12:29:30,911 - INFO -   日期：■ 加入時間：2025/12/04 12:00 起至 2025/12/14 23:59 止
2026-02-25 12:29:30,911 - INFO -   時間：未找到
2026-02-25 12:29:30,912 - INFO -   地點：未找到
2026-02-25 12:29:30,912 - INFO -   票價：➽ 雙日聯票｜NT$4,200
2026-02-25 12:29:30,912 - INFO -   售票時間：■ 一般預售票：2025/12/18 中午12:00
2026-02-25 12:29:31,912 - INFO - 處理進度：24/106
2026-02-25 12:29:31,912 - INFO - 正在處理活動：https://tixcraft.com/activity/detail/26_twice
2026-02-25 12:29:33,827 - INFO - 提取到 109 行文字內容
2026-02-25 12:29:33,827 - INFO - 活動 24：TWICE＜THIS IS FOR＞WORLD TOUR IN TAIPEI
2026-02-25 12:29:33,828 - INFO -   日期：時間：2026/03/21（六）18:00
2026-02-25 12:29:33,828 - INFO -   時間：未找到
2026-02-25 12:29:33,828 - INFO -   地點：地點：臺北大巨蛋
2026-02-25 12:29:33,828 - INFO -   票價：一般NT$ 6,800 / 5,800 / 4,800 / 3,800 / 2,800 / 1,800 / 3,400（身障優惠票）/ 2,900（身障優惠票）/ 2,400（身障優惠票）/ 1,900（身障優惠票）/ 1,400（身障優惠票）
2026-02-25 12:29:33,828 - INFO -   售票時間：* 凡在2025/11/30中午12點前，完整註冊Live Nation Taiwan會員者，皆可收信獲取預購碼，於預售時間在拓元的購票頁面輸入正確的預購碼即可進入預購頁面，於預購開放時間內進行購票。
2026-02-25 12:29:34,829 - INFO - 處理進度：25/106
2026-02-25 12:29:34,829 - INFO - 正在處理活動：https://tixcraft.com/activity/detail/26_a1
2026-02-25 12:29:35,918 - INFO - 提取到 61 行文字內容
2026-02-25 12:29:35,919 - INFO - 活動 25：The Best of a1 Live in Taipei
2026-02-25 12:29:35,919 - INFO -   日期：售票時間：2026/1/25（日）11:00拓元售票系統正式開賣
2026-02-25 12:29:35,919 - INFO -   時間：日期 / 時間： 2026 年 3 月 15 日（星期日）17:00（實際演出時間以現場公告為準)
2026-02-25 12:29:35,919 - INFO -   地點：英國－挪威男子團體 A1 將於 2026 年 3 月 15 日（星期日）17:00–19:00 首次登台舉辦 《The Best of a1 – Live in Taipei》，地點位於 Zepp New Taipei。此次演唱會由 FBGLive Taiwan 非比娛樂有限公司 主辦，並由 Flabbergast Productions 協力籌劃，將為台灣歌迷帶來一場經典金曲與現場魅力兼具的難忘夜晚。
2026-02-25 12:29:35,919 - INFO -   票價：1樓 VVIP：NT$ 6,000 元 (包含M&G）
2026-02-25 12:29:35,920 - INFO -   售票時間：售票時間：2026/1/25（日）11:00拓元售票系統正式開賣
2026-02-25 12:29:36,920 - INFO - 處理進度：26/106
2026-02-25 12:29:36,921 - INFO - 正在處理活動：https://tixcraft.com/activity/detail/25_lioneers
2026-02-25 12:29:37,986 - INFO - 提取到 70 行文字內容
2026-02-25 12:29:37,988 - INFO - 活動 26：2025-26 TPBL新竹御嵿攻城獅主場賽事
2026-02-25 12:29:37,988 - INFO -   日期：未找到
2026-02-25 12:29:37,988 - INFO -   時間：未找到
2026-02-25 12:29:37,988 - INFO -   地點：地點：新竹縣體育館
2026-02-25 12:29:37,988 - INFO -   票價：每贏一場加價500元，每輸一場則減價500元，主客場賽事皆列入計算。最高票價無上限，最低票價為500元。
2026-02-25 12:29:37,988 - INFO -   售票時間：2/13(五)17:00全面開賣將於攻城獅官方APP採浮動票價方式銷售。
2026-02-25 12:29:38,989 - INFO - 處理進度：27/106
2026-02-25 12:29:38,989 - INFO - 正在處理活動：https://tixcraft.com/activity/detail/26_cc
2026-02-25 12:29:40,105 - INFO - 提取到 86 行文字內容
2026-02-25 12:29:40,106 - INFO - 活動 27：Central Cee – CAN’T RUSH GREATNESS WORLD TOUR – Asia 2026
2026-02-25 12:29:40,106 - INFO -   日期：● 時間：2026/03/11 (三) 19:30
2026-02-25 12:29:40,106 - INFO -   時間：未找到
2026-02-25 12:29:40,106 - INFO -   地點：● 地點：台北國際會議中心TICC
2026-02-25 12:29:40,106 - INFO -   票價：● 一般票價：NT$ 4,400 / 3,900 / 3,400 / 2,900 / 2,400 / 2,200（身障優惠票）
2026-02-25 12:29:40,106 - INFO -   售票時間：時間：2026/01/08 (四) 11:00全面開賣
2026-02-25 12:29:41,107 - INFO - 處理進度：28/106
2026-02-25 12:29:41,107 - INFO - 正在處理活動：https://tixcraft.com/activity/detail/26_cc_v
2026-02-25 12:29:41,627 - WARNING - 未找到intro區塊，嘗試其他選擇器
2026-02-25 12:29:41,633 - INFO - 活動 28：未找到
2026-02-25 12:29:41,633 - INFO -   日期：未找到
2026-02-25 12:29:41,633 - INFO -   時間：未找到
2026-02-25 12:29:41,633 - INFO -   地點：未找到
2026-02-25 12:29:41,633 - INFO -   票價：未找到
2026-02-25 12:29:41,633 - INFO -   售票時間：未找到
2026-02-25 12:29:42,634 - INFO - 處理進度：29/106
2026-02-25 12:29:42,634 - INFO - 正在處理活動：https://tixcraft.com/activity/detail/26_day6
2026-02-25 12:29:43,073 - WARNING - 未找到intro區塊，嘗試其他選擇器
2026-02-25 12:29:43,077 - INFO - 活動 29：未找到
2026-02-25 12:29:43,077 - INFO -   日期：未找到
2026-02-25 12:29:43,077 - INFO -   時間：未找到
2026-02-25 12:29:43,077 - INFO -   地點：未找到
2026-02-25 12:29:43,077 - INFO -   票價：未找到
2026-02-25 12:29:43,077 - INFO -   售票時間：未找到
2026-02-25 12:29:44,077 - INFO - 處理進度：30/106
2026-02-25 12:29:44,078 - INFO - 正在處理活動：https://tixcraft.com/activity/detail/26_hnf
2026-02-25 12:29:44,477 - WARNING - 未找到intro區塊，嘗試其他選擇器
2026-02-25 12:29:44,481 - INFO - 活動 30：未找到
2026-02-25 12:29:44,481 - INFO -   日期：未找到
2026-02-25 12:29:44,481 - INFO -   時間：未找到
2026-02-25 12:29:44,481 - INFO -   地點：未找到
2026-02-25 12:29:44,481 - INFO -   票價：未找到
2026-02-25 12:29:44,481 - INFO -   售票時間：未找到
2026-02-25 12:29:45,482 - INFO - 處理進度：31/106
2026-02-25 12:29:45,482 - INFO - 正在處理活動：https://tixcraft.com/activity/detail/26_1rtp_c
2026-02-25 12:29:45,885 - WARNING - 未找到intro區塊，嘗試其他選擇器
2026-02-25 12:29:45,888 - INFO - 活動 31：未找到
2026-02-25 12:29:45,888 - INFO -   日期：未找到
2026-02-25 12:29:45,888 - INFO -   時間：未找到
2026-02-25 12:29:45,888 - INFO -   地點：未找到
2026-02-25 12:29:45,888 - INFO -   票價：未找到
2026-02-25 12:29:45,888 - INFO -   售票時間：未找到
2026-02-25 12:29:46,889 - INFO - 處理進度：32/106
2026-02-25 12:29:46,889 - INFO - 正在處理活動：https://tixcraft.com/activity/detail/26_1rtp
2026-02-25 12:29:47,300 - WARNING - 未找到intro區塊，嘗試其他選擇器
2026-02-25 12:29:47,303 - INFO - 活動 32：未找到
2026-02-25 12:29:47,303 - INFO -   日期：未找到
2026-02-25 12:29:47,303 - INFO -   時間：未找到
2026-02-25 12:29:47,303 - INFO -   地點：未找到
2026-02-25 12:29:47,303 - INFO -   票價：未找到
2026-02-25 12:29:47,303 - INFO -   售票時間：未找到
2026-02-25 12:29:48,303 - INFO - 處理進度：33/106
2026-02-25 12:29:48,304 - INFO - 正在處理活動：https://tixcraft.com/activity/detail/26_1rtp_v
2026-02-25 12:29:48,719 - WARNING - 未找到intro區塊，嘗試其他選擇器
2026-02-25 12:29:48,722 - INFO - 活動 33：未找到
2026-02-25 12:29:48,722 - INFO -   日期：未找到
2026-02-25 12:29:48,722 - INFO -   時間：未找到
2026-02-25 12:29:48,722 - INFO -   地點：未找到
2026-02-25 12:29:48,723 - INFO -   票價：未找到
2026-02-25 12:29:48,723 - INFO -   售票時間：未找到
2026-02-25 12:29:49,723 - INFO - 處理進度：34/106
2026-02-25 12:29:49,723 - INFO - 正在處理活動：https://tixcraft.com/activity/detail/26_softbankh
2026-02-25 12:29:50,128 - WARNING - 未找到intro區塊，嘗試其他選擇器
2026-02-25 12:29:50,131 - INFO - 活動 34：未找到
2026-02-25 12:29:50,131 - INFO -   日期：未找到
2026-02-25 12:29:50,131 - INFO -   時間：未找到
2026-02-25 12:29:50,131 - INFO -   地點：未找到
2026-02-25 12:29:50,131 - INFO -   票價：未找到
2026-02-25 12:29:50,131 - INFO -   售票時間：未找到
2026-02-25 12:29:51,132 - INFO - 處理進度：35/106
2026-02-25 12:29:51,132 - INFO - 正在處理活動：https://tixcraft.com/activity/detail/26_arkisfmk_v
2026-02-25 12:29:51,541 - WARNING - 未找到intro區塊，嘗試其他選擇器
2026-02-25 12:29:51,545 - INFO - 活動 35：未找到
2026-02-25 12:29:51,545 - INFO -   日期：未找到
2026-02-25 12:29:51,545 - INFO -   時間：未找到
2026-02-25 12:29:51,545 - INFO -   地點：未找到
2026-02-25 12:29:51,545 - INFO -   票價：未找到
2026-02-25 12:29:51,545 - INFO -   售票時間：未找到
2026-02-25 12:29:52,546 - INFO - 處理進度：36/106
2026-02-25 12:29:52,546 - INFO - 正在處理活動：https://tixcraft.com/activity/detail/26_ffofmk_v
2026-02-25 12:29:52,938 - WARNING - 未找到intro區塊，嘗試其他選擇器
2026-02-25 12:29:52,941 - INFO - 活動 36：未找到
2026-02-25 12:29:52,942 - INFO -   日期：未找到
2026-02-25 12:29:52,942 - INFO -   時間：未找到
2026-02-25 12:29:52,942 - INFO -   地點：未找到
2026-02-25 12:29:52,942 - INFO -   票價：未找到
2026-02-25 12:29:52,942 - INFO -   售票時間：未找到
2026-02-25 12:29:53,942 - INFO - 處理進度：37/106
2026-02-25 12:29:53,942 - INFO - 正在處理活動：https://tixcraft.com/activity/detail/26_arkisfmk
2026-02-25 12:29:54,349 - WARNING - 未找到intro區塊，嘗試其他選擇器
2026-02-25 12:29:54,352 - INFO - 活動 37：未找到
2026-02-25 12:29:54,352 - INFO -   日期：未找到
2026-02-25 12:29:54,352 - INFO -   時間：未找到
2026-02-25 12:29:54,353 - INFO -   地點：未找到
2026-02-25 12:29:54,353 - INFO -   票價：未找到
2026-02-25 12:29:54,353 - INFO -   售票時間：未找到
2026-02-25 12:29:55,354 - INFO - 處理進度：38/106
2026-02-25 12:29:55,354 - INFO - 正在處理活動：https://tixcraft.com/activity/detail/26_fafmp
2026-02-25 12:29:55,759 - WARNING - 未找到intro區塊，嘗試其他選擇器
2026-02-25 12:29:55,763 - INFO - 活動 38：未找到
2026-02-25 12:29:55,763 - INFO -   日期：未找到
2026-02-25 12:29:55,763 - INFO -   時間：未找到
2026-02-25 12:29:55,763 - INFO -   地點：未找到
2026-02-25 12:29:55,763 - INFO -   票價：未找到
2026-02-25 12:29:55,763 - INFO -   售票時間：未找到
2026-02-25 12:29:56,764 - INFO - 處理進度：39/106
2026-02-25 12:29:56,764 - INFO - 正在處理活動：https://tixcraft.com/activity/detail/26_ffofmk
2026-02-25 12:29:57,169 - WARNING - 未找到intro區塊，嘗試其他選擇器
2026-02-25 12:29:57,172 - INFO - 活動 39：未找到
2026-02-25 12:29:57,173 - INFO -   日期：未找到
2026-02-25 12:29:57,173 - INFO -   時間：未找到
2026-02-25 12:29:57,173 - INFO -   地點：未找到
2026-02-25 12:29:57,173 - INFO -   票價：未找到
2026-02-25 12:29:57,173 - INFO -   售票時間：未找到
2026-02-25 12:29:58,173 - INFO - 處理進度：40/106
2026-02-25 12:29:58,173 - INFO - 正在處理活動：https://tixcraft.com/activity/detail/26_koccatpe
2026-02-25 12:29:58,605 - WARNING - 未找到intro區塊，嘗試其他選擇器
2026-02-25 12:29:58,608 - INFO - 活動 40：未找到
2026-02-25 12:29:58,608 - INFO -   日期：未找到
2026-02-25 12:29:58,608 - INFO -   時間：未找到
2026-02-25 12:29:58,608 - INFO -   地點：未找到
2026-02-25 12:29:58,608 - INFO -   票價：未找到
2026-02-25 12:29:58,608 - INFO -   售票時間：未找到
2026-02-25 12:29:59,609 - INFO - 處理進度：41/106
2026-02-25 12:29:59,609 - INFO - 正在處理活動：https://tixcraft.com/activity/detail/26_rfclassic
2026-02-25 12:30:00,018 - WARNING - 未找到intro區塊，嘗試其他選擇器
2026-02-25 12:30:00,021 - INFO - 活動 41：未找到
2026-02-25 12:30:00,021 - INFO -   日期：未找到
2026-02-25 12:30:00,022 - INFO -   時間：未找到
2026-02-25 12:30:00,022 - INFO -   地點：未找到
2026-02-25 12:30:00,022 - INFO -   票價：未找到
2026-02-25 12:30:00,022 - INFO -   售票時間：未找到
2026-02-25 12:30:01,022 - INFO - 處理進度：42/106
2026-02-25 12:30:01,022 - INFO - 正在處理活動：https://tixcraft.com/activity/detail/26_annbai
2026-02-25 12:30:02,294 - INFO - 提取到 17 行文字內容
2026-02-25 12:30:02,295 - INFO - 活動 42：白安 ANN《路邊野餐 Summer Tryst》2026 New Album Live Tour
2026-02-25 12:30:02,295 - INFO -   日期：未找到
2026-02-25 12:30:02,295 - INFO -   時間：未找到
2026-02-25 12:30:02,295 - INFO -   地點：未找到
2026-02-25 12:30:02,295 - INFO -   票價：🎫票價：全區座席NT$1800元 / 身障席NT$950元
2026-02-25 12:30:02,295 - INFO -   售票時間：11/12(三) 12:00 拓元售票 全面開賣
2026-02-25 12:30:03,296 - INFO - 處理進度：43/106
2026-02-25 12:30:03,296 - INFO - 正在處理活動：https://tixcraft.com/activity/detail/25_lioneers_p
2026-02-25 12:30:03,714 - WARNING - 未找到intro區塊，嘗試其他選擇器
2026-02-25 12:30:03,717 - INFO - 活動 43：未找到
2026-02-25 12:30:03,717 - INFO -   日期：未找到
2026-02-25 12:30:03,717 - INFO -   時間：未找到
2026-02-25 12:30:03,717 - INFO -   地點：未找到
2026-02-25 12:30:03,717 - INFO -   票價：未找到
2026-02-25 12:30:03,717 - INFO -   售票時間：未找到
2026-02-25 12:30:04,717 - INFO - 處理進度：44/106
2026-02-25 12:30:04,718 - INFO - 正在處理活動：https://tixcraft.com/activity/detail/26_rfclassic
2026-02-25 12:30:06,716 - INFO - 提取到 47 行文字內容
2026-02-25 12:30:06,716 - INFO - 活動 44：2026台日棒球國際交流賽
2026-02-25 12:30:06,717 - INFO -   日期：時間：2025/12/23（二） 中午12:00-23:59
2026-02-25 12:30:06,717 - INFO -   時間：未找到
2026-02-25 12:30:06,717 - INFO -   地點：賽事地點：臺北大巨蛋
2026-02-25 12:30:06,717 - INFO -   票價：票價：NT$2,880 / 2,680 / 2,580 / 2,480 / 2,380 / 2,280 / 2,180 / 1,980 / 1,880 / 1,680 / 1,380 / 1,280 / 1,080 / 980 / 880 / 680
2026-02-25 12:30:06,717 - INFO -   售票時間：未找到
2026-02-25 12:30:07,717 - INFO - 處理進度：45/106
2026-02-25 12:30:07,718 - INFO - 正在處理活動：https://tixcraft.com/activity/detail/26_koccatpe
2026-02-25 12:30:08,789 - INFO - 提取到 58 行文字內容
2026-02-25 12:30:08,790 - INFO - 活動 45：KOREA SPOTLIGHT 2026 @TAIPEI
2026-02-25 12:30:08,790 - INFO -   日期：未找到
2026-02-25 12:30:08,790 - INFO -   時間：未找到
2026-02-25 12:30:08,790 - INFO -   地點：未找到
2026-02-25 12:30:08,790 - INFO -   票價：票價：1F 站位區 $150 / 2F 座位區 (劃位) $150
2026-02-25 12:30:08,790 - INFO -   售票時間：未找到
2026-02-25 12:30:09,791 - INFO - 處理進度：46/106
2026-02-25 12:30:09,791 - INFO - 正在處理活動：https://tixcraft.com/activity/detail/26_arkisfmk_v
2026-02-25 12:30:10,219 - WARNING - 未找到intro區塊，嘗試其他選擇器
2026-02-25 12:30:10,222 - INFO - 活動 46：未找到
2026-02-25 12:30:10,222 - INFO -   日期：未找到
2026-02-25 12:30:10,222 - INFO -   時間：未找到
2026-02-25 12:30:10,222 - INFO -   地點：未找到
2026-02-25 12:30:10,222 - INFO -   票價：未找到
2026-02-25 12:30:10,222 - INFO -   售票時間：未找到
2026-02-25 12:30:11,223 - INFO - 處理進度：47/106
2026-02-25 12:30:11,223 - INFO - 正在處理活動：https://tixcraft.com/activity/detail/26_ffofmk_v
2026-02-25 12:30:12,101 - INFO - 提取到 28 行文字內容
2026-02-25 12:30:12,102 - INFO - 活動 47：【The Uncharted Realm with F.F.O】限量拍照會
2026-02-25 12:30:12,102 - INFO -   日期：未找到
2026-02-25 12:30:12,102 - INFO -   時間：未找到
2026-02-25 12:30:12,102 - INFO -   地點：活動地點 ｜後台Backstage Live （高雄市苓雅區海邊路15-3號）
2026-02-25 12:30:12,102 - INFO -   票價：票 價 ｜1:1拍立得 NTD$ 1,900
2026-02-25 12:30:12,103 - INFO -   售票時間：開賣時間 ｜2026.02.21 (Sat.) 17:00
2026-02-25 12:30:13,103 - INFO - 處理進度：48/106
2026-02-25 12:30:13,103 - INFO - 正在處理活動：https://tixcraft.com/activity/detail/26_arkisfmk
2026-02-25 12:30:13,941 - INFO - 提取到 23 行文字內容
2026-02-25 12:30:13,942 - INFO - 活動 48：【The Uncharted Realm with ARKis】
2026-02-25 12:30:13,942 - INFO -   日期：未找到
2026-02-25 12:30:13,942 - INFO -   時間：未找到
2026-02-25 12:30:13,942 - INFO -   地點：活動地點 ｜後台Backstage Live （高雄市苓雅區海邊路15-3號）
2026-02-25 12:30:13,942 - INFO -   票價：票 價 ｜Ａ區 NT$ 2,980 / Ｂ區NT$ 1,980 / 身障席 NT$ 990
2026-02-25 12:30:13,942 - INFO -   售票時間：開賣時間 ｜2026.02.11 (Wed.) 19:00
2026-02-25 12:30:14,943 - INFO - 處理進度：49/106
2026-02-25 12:30:14,943 - INFO - 正在處理活動：https://tixcraft.com/activity/detail/26_fafmp
2026-02-25 12:30:15,355 - WARNING - 未找到intro區塊，嘗試其他選擇器
2026-02-25 12:30:15,358 - INFO - 活動 49：未找到
2026-02-25 12:30:15,359 - INFO -   日期：未找到
2026-02-25 12:30:15,359 - INFO -   時間：未找到
2026-02-25 12:30:15,359 - INFO -   地點：未找到
2026-02-25 12:30:15,359 - INFO -   票價：未找到
2026-02-25 12:30:15,359 - INFO -   售票時間：未找到
2026-02-25 12:30:16,359 - INFO - 處理進度：50/106
2026-02-25 12:30:16,359 - INFO - 正在處理活動：https://tixcraft.com/activity/detail/26_ffofmk
2026-02-25 12:30:17,174 - INFO - 提取到 23 行文字內容
2026-02-25 12:30:17,174 - INFO - 活動 50：【The Uncharted Realm with F.F.O】
2026-02-25 12:30:17,174 - INFO -   日期：未找到
2026-02-25 12:30:17,174 - INFO -   時間：未找到
2026-02-25 12:30:17,174 - INFO -   地點：活動地點 ｜後台Backstage Live （高雄市苓雅區海邊路15-3號）
2026-02-25 12:30:17,175 - INFO -   票價：票 價 ｜Ａ區 NT$ 2,980 / Ｂ區NT$ 1,980 / 身障席 NT$ 990
2026-02-25 12:30:17,175 - INFO -   售票時間：開賣時間 ｜2026.02.11 (Wed.) 19:00
2026-02-25 12:30:18,175 - INFO - 處理進度：51/106
2026-02-25 12:30:18,175 - INFO - 正在處理活動：https://tixcraft.com/activity/detail/26_softbankh
2026-02-25 12:30:18,584 - WARNING - 未找到intro區塊，嘗試其他選擇器
2026-02-25 12:30:18,587 - INFO - 活動 51：未找到
2026-02-25 12:30:18,588 - INFO -   日期：未找到
2026-02-25 12:30:18,588 - INFO -   時間：未找到
2026-02-25 12:30:18,588 - INFO -   地點：未找到
2026-02-25 12:30:18,588 - INFO -   票價：未找到
2026-02-25 12:30:18,588 - INFO -   售票時間：未找到
2026-02-25 12:30:19,589 - INFO - 處理進度：52/106
2026-02-25 12:30:19,589 - INFO - 正在處理活動：https://tixcraft.com/activity/detail/26_hnf
2026-02-25 12:30:38,342 - INFO - 提取到 34 行文字內容
2026-02-25 12:30:38,342 - INFO - 活動 52：2026北海道日本火腿鬥士隊例行賽入場券
2026-02-25 12:30:38,343 - INFO -   日期：入場券開賣時間：2026/2/1 (日) 13:00~
2026-02-25 12:30:38,343 - INFO -   時間：未找到
2026-02-25 12:30:38,343 - INFO -   地點：活動地點：ES CON FIELD HOKKAIDO
2026-02-25 12:30:38,343 - INFO -   票價：未找到
2026-02-25 12:30:38,343 - INFO -   售票時間：入場券開賣時間：2026/2/1 (日) 13:00~
2026-02-25 12:30:39,344 - INFO - 處理進度：53/106
2026-02-25 12:30:39,344 - INFO - 正在處理活動：https://tixcraft.com/activity/detail/26_1rtp_c
2026-02-25 12:30:40,522 - INFO - 提取到 117 行文字內容
2026-02-25 12:30:40,523 - INFO - 活動 53：【Mastercard專區】ONEREPUBLIC “From Asia， With Love” 2026 in Taipei
2026-02-25 12:30:40,523 - INFO -   日期：時間：2026/03/04（三）19:00
2026-02-25 12:30:40,523 - INFO -   時間：未找到
2026-02-25 12:30:40,524 - INFO -   地點：地點：台北小巨蛋 (Taipei Arena)
2026-02-25 12:30:40,524 - INFO -   票價：票價：NTD.800元起至8,000元 ＆身障優惠票 (陪同票) NTD.400元，實際票價以當下顯示為準，票價可能會因依座位區域及票券供應狀況調整，數量有限，售完為止。所有適用費用將於結帳頁面顯示。
2026-02-25 12:30:40,524 - INFO -   售票時間：未找到
2026-02-25 12:30:41,524 - INFO - 處理進度：54/106
2026-02-25 12:30:41,524 - INFO - 正在處理活動：https://tixcraft.com/activity/detail/26_1rtp
2026-02-25 12:30:42,747 - INFO - 提取到 115 行文字內容
2026-02-25 12:30:42,748 - INFO - 活動 54：ONEREPUBLIC “From Asia， With Love” 2026 in Taipei
2026-02-25 12:30:42,749 - INFO -   日期：時間：2026/03/04（三）19:00
2026-02-25 12:30:42,749 - INFO -   時間：未找到
2026-02-25 12:30:42,749 - INFO -   地點：地點：台北小巨蛋 (Taipei Arena)
2026-02-25 12:30:42,749 - INFO -   票價：票價：NTD.800元起至8,000元 ＆身障優惠票 (陪同票) NTD.400元，實際票價以當下顯示為準，票價可能會因依座位區域及票券供應狀況調整，數量有限，售完為止。所有適用費用將於結帳頁面顯示。
2026-02-25 12:30:42,749 - INFO -   售票時間：時間：2025/10/03 (五) 12:00全面開賣
2026-02-25 12:30:43,750 - INFO - 處理進度：55/106
2026-02-25 12:30:43,750 - INFO - 正在處理活動：https://tixcraft.com/activity/detail/26_1rtp_v
2026-02-25 12:30:44,907 - INFO - 提取到 73 行文字內容
2026-02-25 12:30:44,908 - INFO - 活動 55：【VIP Upgrade/升級VIP】ONEREPUBLIC “From Asia， With Love” 2026 in Taipei
2026-02-25 12:30:44,908 - INFO -   日期：時間：2026/03/04（三）19:00
2026-02-25 12:30:44,908 - INFO -   時間：未找到
2026-02-25 12:30:44,908 - INFO -   地點：地點：台北小巨蛋 (Taipei Arena)
2026-02-25 12:30:44,908 - INFO -   票價：NT$ 7,000
2026-02-25 12:30:44,909 - INFO -   售票時間：未找到
2026-02-25 12:30:45,909 - INFO - 處理進度：56/106
2026-02-25 12:30:45,909 - INFO - 正在處理活動：https://tixcraft.com/activity/detail/26_day6
2026-02-25 12:30:47,399 - INFO - 提取到 130 行文字內容
2026-02-25 12:30:47,401 - INFO - 活動 56：DAY6 10th Anniversary Tour ＜The DECADE＞ in TAIPEI
2026-02-25 12:30:47,401 - INFO -   日期：時間：2026/03/07 (六) 19:00
2026-02-25 12:30:47,401 - INFO -   時間：未找到
2026-02-25 12:30:47,401 - INFO -   地點：地點：國立體育大學綜合體育館（林口體育館）
2026-02-25 12:30:47,401 - INFO -   票價：VIP - NT$ 6,980：包含 優先進入搖滾區 (僅適用於搖滾區票券), VIP掛牌 & 掛繩, 演前SOUNDCHECK, 簽名明信片
2026-02-25 12:30:47,401 - INFO -   售票時間：未找到
2026-02-25 12:30:48,402 - INFO - 處理進度：57/106
2026-02-25 12:30:48,402 - INFO - 正在處理活動：https://tixcraft.com/activity/detail/26_annbai
2026-02-25 12:30:49,176 - INFO - 提取到 17 行文字內容
2026-02-25 12:30:49,177 - INFO - 活動 57：白安 ANN《路邊野餐 Summer Tryst》2026 New Album Live Tour
2026-02-25 12:30:49,177 - INFO -   日期：未找到
2026-02-25 12:30:49,177 - INFO -   時間：未找到
2026-02-25 12:30:49,177 - INFO -   地點：未找到
2026-02-25 12:30:49,177 - INFO -   票價：🎫票價：全區座席NT$1800元 / 身障席NT$950元
2026-02-25 12:30:49,177 - INFO -   售票時間：11/12(三) 12:00 拓元售票 全面開賣
2026-02-25 12:30:50,177 - INFO - 處理進度：58/106
2026-02-25 12:30:50,178 - INFO - 正在處理活動：https://tixcraft.com/activity/detail/25_lioneers
2026-02-25 12:30:51,195 - INFO - 提取到 70 行文字內容
2026-02-25 12:30:51,196 - INFO - 活動 58：2025-26 TPBL新竹御嵿攻城獅主場賽事
2026-02-25 12:30:51,196 - INFO -   日期：未找到
2026-02-25 12:30:51,196 - INFO -   時間：未找到
2026-02-25 12:30:51,196 - INFO -   地點：地點：新竹縣體育館
2026-02-25 12:30:51,196 - INFO -   票價：每贏一場加價500元，每輸一場則減價500元，主客場賽事皆列入計算。最高票價無上限，最低票價為500元。
2026-02-25 12:30:51,197 - INFO -   售票時間：2/13(五)17:00全面開賣將於攻城獅官方APP採浮動票價方式銷售。
2026-02-25 12:30:52,197 - INFO - 處理進度：59/106
2026-02-25 12:30:52,197 - INFO - 正在處理活動：https://tixcraft.com/activity/detail/26_cc
2026-02-25 12:30:53,301 - INFO - 提取到 86 行文字內容
2026-02-25 12:30:53,301 - INFO - 活動 59：Central Cee – CAN’T RUSH GREATNESS WORLD TOUR – Asia 2026
2026-02-25 12:30:53,302 - INFO -   日期：● 時間：2026/03/11 (三) 19:30
2026-02-25 12:30:53,302 - INFO -   時間：未找到
2026-02-25 12:30:53,302 - INFO -   地點：● 地點：台北國際會議中心TICC
2026-02-25 12:30:53,302 - INFO -   票價：● 一般票價：NT$ 4,400 / 3,900 / 3,400 / 2,900 / 2,400 / 2,200（身障優惠票）
2026-02-25 12:30:53,302 - INFO -   售票時間：時間：2026/01/08 (四) 11:00全面開賣
2026-02-25 12:30:54,302 - INFO - 處理進度：60/106
2026-02-25 12:30:54,302 - INFO - 正在處理活動：https://tixcraft.com/activity/detail/26_cc_v
2026-02-25 12:30:55,510 - INFO - 提取到 86 行文字內容
2026-02-25 12:30:55,511 - INFO - 活動 60：【VIP Upgrade/升級VIP】Central Cee – CAN’T RUSH GREATNESS WORLD TOUR – Asia 2026
2026-02-25 12:30:55,511 - INFO -   日期：● 時間：2026/03/11 (三) 19:30
2026-02-25 12:30:55,511 - INFO -   時間：未找到
2026-02-25 12:30:55,511 - INFO -   地點：● 地點：台北國際會議中心(TICC)
2026-02-25 12:30:55,511 - INFO -   票價：NT$ 4,600
2026-02-25 12:30:55,511 - INFO -   售票時間：未找到
2026-02-25 12:30:56,512 - INFO - 處理進度：61/106
2026-02-25 12:30:56,512 - INFO - 正在處理活動：https://tixcraft.com/activity/detail/26_a1
2026-02-25 12:30:57,554 - INFO - 提取到 61 行文字內容
2026-02-25 12:30:57,555 - INFO - 活動 61：The Best of a1 Live in Taipei
2026-02-25 12:30:57,555 - INFO -   日期：售票時間：2026/1/25（日）11:00拓元售票系統正式開賣
2026-02-25 12:30:57,555 - INFO -   時間：日期 / 時間： 2026 年 3 月 15 日（星期日）17:00（實際演出時間以現場公告為準)
2026-02-25 12:30:57,555 - INFO -   地點：英國－挪威男子團體 A1 將於 2026 年 3 月 15 日（星期日）17:00–19:00 首次登台舉辦 《The Best of a1 – Live in Taipei》，地點位於 Zepp New Taipei。此次演唱會由 FBGLive Taiwan 非比娛樂有限公司 主辦，並由 Flabbergast Productions 協力籌劃，將為台灣歌迷帶來一場經典金曲與現場魅力兼具的難忘夜晚。
2026-02-25 12:30:57,555 - INFO -   票價：1樓 VVIP：NT$ 6,000 元 (包含M&G）
2026-02-25 12:30:57,556 - INFO -   售票時間：售票時間：2026/1/25（日）11:00拓元售票系統正式開賣
2026-02-25 12:30:58,556 - INFO - 處理進度：62/106
2026-02-25 12:30:58,556 - INFO - 正在處理活動：https://tixcraft.com/activity/detail/26_twice
2026-02-25 12:30:59,889 - INFO - 提取到 109 行文字內容
2026-02-25 12:30:59,890 - INFO - 活動 62：TWICE＜THIS IS FOR＞WORLD TOUR IN TAIPEI
2026-02-25 12:30:59,890 - INFO -   日期：時間：2026/03/21（六）18:00
2026-02-25 12:30:59,890 - INFO -   時間：未找到
2026-02-25 12:30:59,890 - INFO -   地點：地點：臺北大巨蛋
2026-02-25 12:30:59,890 - INFO -   票價：一般NT$ 6,800 / 5,800 / 4,800 / 3,800 / 2,800 / 1,800 / 3,400（身障優惠票）/ 2,900（身障優惠票）/ 2,400（身障優惠票）/ 1,900（身障優惠票）/ 1,400（身障優惠票）
2026-02-25 12:30:59,890 - INFO -   售票時間：* 凡在2025/11/30中午12點前，完整註冊Live Nation Taiwan會員者，皆可收信獲取預購碼，於預售時間在拓元的購票頁面輸入正確的預購碼即可進入預購頁面，於預購開放時間內進行購票。
2026-02-25 12:31:00,891 - INFO - 處理進度：63/106
2026-02-25 12:31:00,891 - INFO - 正在處理活動：https://tixcraft.com/activity/detail/26_megaport
2026-02-25 12:31:01,642 - INFO - 提取到 8 行文字內容
2026-02-25 12:31:01,643 - INFO - 活動 63：2026大港開唱X國泰世華銀行
2026-02-25 12:31:01,643 - INFO -   日期：加入時間：2025/12/04 12:00 起至 2025/12/14 23:59 止
2026-02-25 12:31:01,643 - INFO -   時間：未找到
2026-02-25 12:31:01,643 - INFO -   地點：未找到
2026-02-25 12:31:01,643 - INFO -   票價：未找到
2026-02-25 12:31:01,643 - INFO -   售票時間：未找到
2026-02-25 12:31:02,643 - INFO - 處理進度：64/106
2026-02-25 12:31:02,643 - INFO - 正在處理活動：https://tixcraft.com/activity/detail/26_megaport_c
2026-02-25 12:31:03,383 - INFO - 提取到 2 行文字內容
2026-02-25 12:31:03,383 - INFO - 活動 64：2026大港開唱X國泰世華銀行【國泰世華大樹套票】
2026-02-25 12:31:03,383 - INFO -   日期：未找到
2026-02-25 12:31:03,384 - INFO -   時間：未找到
2026-02-25 12:31:03,384 - INFO -   地點：未找到
2026-02-25 12:31:03,384 - INFO -   票價：未找到
2026-02-25 12:31:03,384 - INFO -   售票時間：未找到
2026-02-25 12:31:04,384 - INFO - 處理進度：65/106
2026-02-25 12:31:04,385 - INFO - 正在處理活動：https://tixcraft.com/activity/detail/26_megaport_d
2026-02-25 12:31:05,389 - INFO - 提取到 40 行文字內容
2026-02-25 12:31:05,390 - INFO - 活動 65：2026大港開唱X國泰世華銀行【身心障礙票券】
2026-02-25 12:31:05,390 - INFO -   日期：■ 加入時間：2025/12/04 12:00 起至 2025/12/14 23:59 止
2026-02-25 12:31:05,390 - INFO -   時間：未找到
2026-02-25 12:31:05,390 - INFO -   地點：未找到
2026-02-25 12:31:05,390 - INFO -   票價：➽ 雙日聯票｜NT$4,200
2026-02-25 12:31:05,390 - INFO -   售票時間：■ 一般預售票：2025/12/18 中午12:00
2026-02-25 12:31:06,391 - INFO - 處理進度：66/106
2026-02-25 12:31:06,391 - INFO - 正在處理活動：https://tixcraft.com/activity/detail/26_junny
2026-02-25 12:31:07,237 - INFO - 提取到 24 行文字內容
2026-02-25 12:31:07,238 - INFO - 活動 66：Junny null ASIA Tour：Live In TAIPEI
2026-02-25 12:31:07,238 - INFO -   日期：未找到
2026-02-25 12:31:07,238 - INFO -   時間：未找到
2026-02-25 12:31:07,238 - INFO -   地點：未找到
2026-02-25 12:31:07,238 - INFO -   票價：未找到
2026-02-25 12:31:07,239 - INFO -   售票時間：未找到
2026-02-25 12:31:08,239 - INFO - 處理進度：67/106
2026-02-25 12:31:08,239 - INFO - 正在處理活動：https://tixcraft.com/activity/detail/26_jehoon
2026-02-25 12:31:09,151 - INFO - 提取到 41 行文字內容
2026-02-25 12:31:09,152 - INFO - 活動 67：2026 李帝勳粉絲見面會《Our 20th Moment》台北站
2026-02-25 12:31:09,152 - INFO -   日期：時間：2026/03/01（日）PM3:01全面開賣
2026-02-25 12:31:09,152 - INFO -   時間：未找到
2026-02-25 12:31:09,152 - INFO -   地點：活動地點：台北國際會議中心 TICC
2026-02-25 12:31:09,152 - INFO -   票價：VIP區：NT$5,880
2026-02-25 12:31:09,152 - INFO -   售票時間：時間：2026/03/01（日）PM3:01全面開賣
2026-02-25 12:31:10,153 - INFO - 處理進度：68/106
2026-02-25 12:31:10,153 - INFO - 正在處理活動：https://tixcraft.com/activity/detail/26_treasure
2026-02-25 12:31:11,604 - INFO - 提取到 127 行文字內容
2026-02-25 12:31:11,606 - INFO - 活動 68：2025-26 TREASURE TOUR [PULSE ON] IN TAIPEI
2026-02-25 12:31:11,606 - INFO -   日期：時間：2026/03/28 (六) 18:00
2026-02-25 12:31:11,606 - INFO -   時間：未找到
2026-02-25 12:31:11,606 - INFO -   地點：地點：國立體育大學綜合體育館（林口體育館）
2026-02-25 12:31:11,606 - INFO -   票價：NT$ 5,800 / 4,800 / 3,800 / 2,800 / 2,900 (
2026-02-25 12:31:11,606 - INFO -   售票時間：未找到
2026-02-25 12:31:12,606 - INFO - 處理進度：69/106
2026-02-25 12:31:12,607 - INFO - 正在處理活動：https://tixcraft.com/activity/detail/26_treasure_c
2026-02-25 12:31:13,940 - INFO - 提取到 114 行文字內容
2026-02-25 12:31:13,941 - INFO - 活動 69：【Mastercard專區】2025-26 TREASURE TOUR [PULSE ON] IN TAIPEI
2026-02-25 12:31:13,941 - INFO -   日期：📅 時間Time：2026/03/28 (六) 18:00
2026-02-25 12:31:13,941 - INFO -   時間：未找到
2026-02-25 12:31:13,941 - INFO -   地點：📍 地點Venue：國立體育大學綜合體育館（林口體育館）NTSU Arena (Linkou Arena)
2026-02-25 12:31:13,941 - INFO -   票價：🎫 演出票價Price：NT$ 5,800 / 4,800 / 3,800 / 2,800
2026-02-25 12:31:13,942 - INFO -   售票時間：未找到
2026-02-25 12:31:14,942 - INFO - 處理進度：70/106
2026-02-25 12:31:14,942 - INFO - 正在處理活動：https://tixcraft.com/activity/detail/26_jm2026
2026-02-25 12:31:15,714 - INFO - 提取到 15 行文字內容
2026-02-25 12:31:15,715 - INFO - 活動 70：Junior Mark Fan Meeting in Taipei 2026
2026-02-25 12:31:15,715 - INFO -   日期：未找到
2026-02-25 12:31:15,715 - INFO -   時間：演出時間：16:00 (依現場實際情況而定)
2026-02-25 12:31:15,715 - INFO -   地點：演出地點：WESTAR
2026-02-25 12:31:15,715 - INFO -   票價：活動票價：VIP區$8,800 / A區$7,600 / B區$5,600 / C區$3,200 / 身心席NT$1,600 (全區對號入座)
2026-02-25 12:31:15,715 - INFO -   售票時間：啟售時間 : 2026年2月26日(四) 12:00
2026-02-25 12:31:16,715 - INFO - 處理進度：71/106
2026-02-25 12:31:16,716 - INFO - 正在處理活動：https://tixcraft.com/activity/detail/26_monstax
2026-02-25 12:31:17,161 - WARNING - 未找到intro區塊，嘗試其他選擇器
2026-02-25 12:31:17,166 - INFO - 活動 71：未找到
2026-02-25 12:31:17,167 - INFO -   日期：未找到
2026-02-25 12:31:17,167 - INFO -   時間：未找到
2026-02-25 12:31:17,167 - INFO -   地點：未找到
2026-02-25 12:31:17,167 - INFO -   票價：未找到
2026-02-25 12:31:17,167 - INFO -   售票時間：未找到
2026-02-25 12:31:18,167 - INFO - 處理進度：72/106
2026-02-25 12:31:18,168 - INFO - 正在處理活動：https://tixcraft.com/activity/detail/26_gem
2026-02-25 12:31:19,575 - INFO - 提取到 116 行文字內容
2026-02-25 12:31:19,576 - INFO - 活動 72：永豐金控｜銀行冠名贊助《G.E.M.鄧紫棋 I AM GLORIA 世界巡迴演唱會 2.0 － 台北站》
2026-02-25 12:31:19,576 - INFO -   日期：時間：2026/04/09 (四) 19:30（加場）
2026-02-25 12:31:19,576 - INFO -   時間：未找到
2026-02-25 12:31:19,577 - INFO -   地點：地點：臺北大巨蛋
2026-02-25 12:31:19,577 - INFO -   票價：一般票價：NT$ 6,880 / 5,880 / 4,880 / 3,880 / 2,880 / 2,280 / 1,680
2026-02-25 12:31:19,577 - INFO -   售票時間：2月11日早上11點全面開賣
2026-02-25 12:31:20,578 - INFO - 處理進度：73/106
2026-02-25 12:31:20,578 - INFO - 正在處理活動：https://tixcraft.com/activity/detail/26_billyrrom
2026-02-25 12:31:21,092 - WARNING - 未找到intro區塊，嘗試其他選擇器
2026-02-25 12:31:21,095 - INFO - 活動 73：未找到
2026-02-25 12:31:21,095 - INFO -   日期：未找到
2026-02-25 12:31:21,095 - INFO -   時間：未找到
2026-02-25 12:31:21,095 - INFO -   地點：未找到
2026-02-25 12:31:21,095 - INFO -   票價：未找到
2026-02-25 12:31:21,096 - INFO -   售票時間：未找到
2026-02-25 12:31:22,096 - INFO - 處理進度：74/106
2026-02-25 12:31:22,096 - INFO - 正在處理活動：https://tixcraft.com/activity/detail/26_della
2026-02-25 12:31:22,975 - INFO - 提取到 29 行文字內容
2026-02-25 12:31:22,976 - INFO - 活動 74：丁噹Della 《夜遊 A Night Tour》高雄巨蛋夜未眠巡迴演唱會
2026-02-25 12:31:22,976 - INFO -   日期：未找到
2026-02-25 12:31:22,976 - INFO -   時間：未找到
2026-02-25 12:31:22,977 - INFO -   地點：未找到
2026-02-25 12:31:22,977 - INFO -   票價：我愛你 雙人套票區6000元/2
2026-02-25 12:31:22,977 - INFO -   售票時間：未找到
2026-02-25 12:31:23,977 - INFO - 處理進度：75/106
2026-02-25 12:31:23,978 - INFO - 正在處理活動：https://tixcraft.com/activity/detail/26_cxm_d
2026-02-25 12:31:24,385 - WARNING - 未找到intro區塊，嘗試其他選擇器
2026-02-25 12:31:24,388 - INFO - 活動 75：未找到
2026-02-25 12:31:24,388 - INFO -   日期：未找到
2026-02-25 12:31:24,388 - INFO -   時間：未找到
2026-02-25 12:31:24,388 - INFO -   地點：未找到
2026-02-25 12:31:24,389 - INFO -   票價：未找到
2026-02-25 12:31:24,389 - INFO -   售票時間：未找到
2026-02-25 12:31:25,389 - INFO - 處理進度：76/106
2026-02-25 12:31:25,389 - INFO - 正在處理活動：https://tixcraft.com/activity/detail/26_cxm
2026-02-25 12:31:26,330 - INFO - 提取到 52 行文字內容
2026-02-25 12:31:26,330 - INFO - 活動 76：CxM [DOUBLE UP] LIVE PARTY in KAOHSIUNG
2026-02-25 12:31:26,331 - INFO -   日期：💎加場：2026/04/24（五）7:30 PM
2026-02-25 12:31:26,331 - INFO -   時間：未找到
2026-02-25 12:31:26,331 - INFO -   地點：📍演出地點：高雄巨蛋
2026-02-25 12:31:26,331 - INFO -   票價：🎫演出票價：$6,880 / $6,280 / $5,880 / $4,880 / $3,880 / 一般身障票$3,440 / 輪椅身障票$1,940（本次演出為全場實名制）
2026-02-25 12:31:26,331 - INFO -   售票時間：未找到
2026-02-25 12:31:27,331 - INFO - 處理進度：77/106
2026-02-25 12:31:27,331 - INFO - 正在處理活動：https://tixcraft.com/activity/detail/26_amz
2026-02-25 12:31:27,731 - WARNING - 未找到intro區塊，嘗試其他選擇器
2026-02-25 12:31:27,734 - INFO - 活動 77：未找到
2026-02-25 12:31:27,734 - INFO -   日期：未找到
2026-02-25 12:31:27,734 - INFO -   時間：未找到
2026-02-25 12:31:27,734 - INFO -   地點：未找到
2026-02-25 12:31:27,735 - INFO -   票價：未找到
2026-02-25 12:31:27,735 - INFO -   售票時間：未找到
2026-02-25 12:31:28,735 - INFO - 處理進度：78/106
2026-02-25 12:31:28,735 - INFO - 正在處理活動：https://tixcraft.com/activity/detail/26_arkisfmk_v
2026-02-25 12:31:29,172 - WARNING - 未找到intro區塊，嘗試其他選擇器
2026-02-25 12:31:29,175 - INFO - 活動 78：未找到
2026-02-25 12:31:29,175 - INFO -   日期：未找到
2026-02-25 12:31:29,175 - INFO -   時間：未找到
2026-02-25 12:31:29,175 - INFO -   地點：未找到
2026-02-25 12:31:29,176 - INFO -   票價：未找到
2026-02-25 12:31:29,176 - INFO -   售票時間：未找到
2026-02-25 12:31:30,177 - INFO - 處理進度：79/106
2026-02-25 12:31:30,177 - INFO - 正在處理活動：https://tixcraft.com/activity/detail/26_ffofmk_v
2026-02-25 12:31:31,028 - INFO - 提取到 28 行文字內容
2026-02-25 12:31:31,028 - INFO - 活動 79：【The Uncharted Realm with F.F.O】限量拍照會
2026-02-25 12:31:31,029 - INFO -   日期：未找到
2026-02-25 12:31:31,029 - INFO -   時間：未找到
2026-02-25 12:31:31,029 - INFO -   地點：活動地點 ｜後台Backstage Live （高雄市苓雅區海邊路15-3號）
2026-02-25 12:31:31,029 - INFO -   票價：票 價 ｜1:1拍立得 NTD$ 1,900
2026-02-25 12:31:31,029 - INFO -   售票時間：開賣時間 ｜2026.02.21 (Sat.) 17:00
2026-02-25 12:31:32,029 - INFO - 處理進度：80/106
2026-02-25 12:31:32,029 - INFO - 正在處理活動：https://tixcraft.com/activity/detail/26_fujirock
2026-02-25 12:31:32,961 - INFO - 提取到 37 行文字內容
2026-02-25 12:31:32,961 - INFO - 活動 80：FUJI ROCK FESTIVAL’26
2026-02-25 12:31:32,961 - INFO -   日期：官方預售開賣時間：2026/02/20(五) 11:00~2026/05/15(五) 22:00
2026-02-25 12:31:32,962 - INFO -   時間：未找到
2026-02-25 12:31:32,962 - INFO -   地點：活動地點：新潟縣苗場滑雪場（新潟湯澤町）
2026-02-25 12:31:32,962 - INFO -   票價：未找到
2026-02-25 12:31:32,962 - INFO -   售票時間：官方預售開賣時間：2026/02/20(五) 11:00~2026/05/15(五) 22:00
2026-02-25 12:31:33,963 - INFO - 處理進度：81/106
2026-02-25 12:31:33,963 - INFO - 正在處理活動：https://tixcraft.com/activity/detail/25_lioneers
2026-02-25 12:31:34,504 - WARNING - 未找到intro區塊，嘗試其他選擇器
2026-02-25 12:31:34,507 - INFO - 活動 81：未找到
2026-02-25 12:31:34,507 - INFO -   日期：未找到
2026-02-25 12:31:34,508 - INFO -   時間：未找到
2026-02-25 12:31:34,508 - INFO -   地點：未找到
2026-02-25 12:31:34,508 - INFO -   票價：未找到
2026-02-25 12:31:34,508 - INFO -   售票時間：未找到
2026-02-25 12:31:35,508 - INFO - 處理進度：82/106
2026-02-25 12:31:35,508 - INFO - 正在處理活動：https://tixcraft.com/activity/detail/26_arkisfmk
2026-02-25 12:31:35,926 - WARNING - 未找到intro區塊，嘗試其他選擇器
2026-02-25 12:31:35,929 - INFO - 活動 82：未找到
2026-02-25 12:31:35,929 - INFO -   日期：未找到
2026-02-25 12:31:35,929 - INFO -   時間：未找到
2026-02-25 12:31:35,930 - INFO -   地點：未找到
2026-02-25 12:31:35,930 - INFO -   票價：未找到
2026-02-25 12:31:35,930 - INFO -   售票時間：未找到
2026-02-25 12:31:36,930 - INFO - 處理進度：83/106
2026-02-25 12:31:36,930 - INFO - 正在處理活動：https://tixcraft.com/activity/detail/26_ffofmk
2026-02-25 12:31:37,772 - INFO - 提取到 23 行文字內容
2026-02-25 12:31:37,773 - INFO - 活動 83：【The Uncharted Realm with F.F.O】
2026-02-25 12:31:37,773 - INFO -   日期：未找到
2026-02-25 12:31:37,773 - INFO -   時間：未找到
2026-02-25 12:31:37,773 - INFO -   地點：活動地點 ｜後台Backstage Live （高雄市苓雅區海邊路15-3號）
2026-02-25 12:31:37,773 - INFO -   票價：票 價 ｜Ａ區 NT$ 2,980 / Ｂ區NT$ 1,980 / 身障席 NT$ 990
2026-02-25 12:31:37,773 - INFO -   售票時間：開賣時間 ｜2026.02.11 (Wed.) 19:00
2026-02-25 12:31:38,774 - INFO - 處理進度：84/106
2026-02-25 12:31:38,774 - INFO - 正在處理活動：https://tixcraft.com/activity/detail/26_gem
2026-02-25 12:31:39,210 - WARNING - 未找到intro區塊，嘗試其他選擇器
2026-02-25 12:31:39,213 - INFO - 活動 84：未找到
2026-02-25 12:31:39,213 - INFO -   日期：未找到
2026-02-25 12:31:39,213 - INFO -   時間：未找到
2026-02-25 12:31:39,214 - INFO -   地點：未找到
2026-02-25 12:31:39,214 - INFO -   票價：未找到
2026-02-25 12:31:39,214 - INFO -   售票時間：未找到
2026-02-25 12:31:40,214 - INFO - 處理進度：85/106
2026-02-25 12:31:40,214 - INFO - 正在處理活動：https://tixcraft.com/activity/detail/26_cxm_d
2026-02-25 12:31:41,232 - INFO - 提取到 45 行文字內容
2026-02-25 12:31:41,233 - INFO - 活動 85：[身心障礙優惠票購票頁面] CxM [DOUBLE UP] LIVE PARTY in KAOHSIUNG
2026-02-25 12:31:41,233 - INFO -   日期：💎加場：2026/04/24（五）7:30 PM
2026-02-25 12:31:41,233 - INFO -   時間：未找到
2026-02-25 12:31:41,233 - INFO -   地點：📍演出地點：高雄巨蛋
2026-02-25 12:31:41,233 - INFO -   票價：🎫演出票價：$6,880 / $6,280 / $5,880 / $4,880 / $3,880 / 一般身障票$3,440 / 輪椅身障票$1,940（本次演出為全場實名制）
2026-02-25 12:31:41,234 - INFO -   售票時間：未找到
2026-02-25 12:31:42,234 - INFO - 處理進度：86/106
2026-02-25 12:31:42,234 - INFO - 正在處理活動：https://tixcraft.com/activity/detail/26_cxm
2026-02-25 12:31:42,643 - WARNING - 未找到intro區塊，嘗試其他選擇器
2026-02-25 12:31:42,646 - INFO - 活動 86：未找到
2026-02-25 12:31:42,647 - INFO -   日期：未找到
2026-02-25 12:31:42,647 - INFO -   時間：未找到
2026-02-25 12:31:42,647 - INFO -   地點：未找到
2026-02-25 12:31:42,647 - INFO -   票價：未找到
2026-02-25 12:31:42,647 - INFO -   售票時間：未找到
2026-02-25 12:31:43,647 - INFO - 處理進度：87/106
2026-02-25 12:31:43,647 - INFO - 正在處理活動：https://tixcraft.com/activity/detail/26_softbankh
2026-02-25 12:31:44,889 - INFO - 提取到 19 行文字內容
2026-02-25 12:31:44,890 - INFO - 活動 87：2026福岡軟銀鷹例行賽門票
2026-02-25 12:31:44,890 - INFO -   日期：① 3/3～6/25 場次：2026/02/03 12:00 PM
2026-02-25 12:31:44,890 - INFO -   時間：未找到
2026-02-25 12:31:44,890 - INFO -   地點：舉辦地點：MIZUHO PayPay Dome FUKUOKA
2026-02-25 12:31:44,890 - INFO -   票價：未找到
2026-02-25 12:31:44,890 - INFO -   售票時間：未找到
2026-02-25 12:31:45,891 - INFO - 處理進度：88/106
2026-02-25 12:31:45,891 - INFO - 正在處理活動：https://tixcraft.com/activity/detail/26_hnf
2026-02-25 12:31:46,319 - WARNING - 未找到intro區塊，嘗試其他選擇器
2026-02-25 12:31:46,323 - INFO - 活動 88：未找到
2026-02-25 12:31:46,323 - INFO -   日期：未找到
2026-02-25 12:31:46,323 - INFO -   時間：未找到
2026-02-25 12:31:46,323 - INFO -   地點：未找到
2026-02-25 12:31:46,323 - INFO -   票價：未找到
2026-02-25 12:31:46,323 - INFO -   售票時間：未找到
2026-02-25 12:31:47,324 - INFO - 處理進度：89/106
2026-02-25 12:31:47,324 - INFO - 正在處理活動：https://tixcraft.com/activity/detail/26_koccatpe
2026-02-25 12:31:48,363 - INFO - 提取到 58 行文字內容
2026-02-25 12:31:48,364 - INFO - 活動 89：KOREA SPOTLIGHT 2026 @TAIPEI
2026-02-25 12:31:48,364 - INFO -   日期：未找到
2026-02-25 12:31:48,364 - INFO -   時間：未找到
2026-02-25 12:31:48,365 - INFO -   地點：未找到
2026-02-25 12:31:48,365 - INFO -   票價：票價：1F 站位區 $150 / 2F 座位區 (劃位) $150
2026-02-25 12:31:48,365 - INFO -   售票時間：未找到
2026-02-25 12:31:49,365 - INFO - 處理進度：90/106
2026-02-25 12:31:49,366 - INFO - 正在處理活動：https://tixcraft.com/activity/detail/26_junny
2026-02-25 12:31:49,971 - WARNING - 未找到intro區塊，嘗試其他選擇器
2026-02-25 12:31:49,975 - INFO - 活動 90：未找到
2026-02-25 12:31:49,975 - INFO -   日期：未找到
2026-02-25 12:31:49,975 - INFO -   時間：未找到
2026-02-25 12:31:49,975 - INFO -   地點：未找到
2026-02-25 12:31:49,975 - INFO -   票價：未找到
2026-02-25 12:31:49,975 - INFO -   售票時間：未找到
2026-02-25 12:31:50,976 - INFO - 處理進度：91/106
2026-02-25 12:31:50,976 - INFO - 正在處理活動：https://tixcraft.com/activity/detail/26_amz
2026-02-25 12:31:52,272 - INFO - 提取到 94 行文字內容
2026-02-25 12:31:52,273 - INFO - 活動 91：amazarashi ASIA TOUR 2026 in TAIPEI
2026-02-25 12:31:52,273 - INFO -   日期：未找到
2026-02-25 12:31:52,273 - INFO -   時間：演出時間: 2026.04.24（五）19:00（實際演出時間以現場公告為準）
2026-02-25 12:31:52,274 - INFO -   地點：演出地點: Zepp New Taipei（新北市新莊區新北大道四段3號8樓）
2026-02-25 12:31:52,274 - INFO -   票價：1F站席（請依票面序號整隊入場）：2,980元
2026-02-25 12:31:52,274 - INFO -   售票時間：2026.01.25 (日) 18:00 拓元售票系統正式開賣
2026-02-25 12:31:53,275 - INFO - 處理進度：92/106
2026-02-25 12:31:53,275 - INFO - 正在處理活動：https://tixcraft.com/activity/detail/26_a1
2026-02-25 12:31:54,342 - INFO - 提取到 61 行文字內容
2026-02-25 12:31:54,342 - INFO - 活動 92：The Best of a1 Live in Taipei
2026-02-25 12:31:54,343 - INFO -   日期：售票時間：2026/1/25（日）11:00拓元售票系統正式開賣
2026-02-25 12:31:54,343 - INFO -   時間：日期 / 時間： 2026 年 3 月 15 日（星期日）17:00（實際演出時間以現場公告為準)
2026-02-25 12:31:54,343 - INFO -   地點：英國－挪威男子團體 A1 將於 2026 年 3 月 15 日（星期日）17:00–19:00 首次登台舉辦 《The Best of a1 – Live in Taipei》，地點位於 Zepp New Taipei。此次演唱會由 FBGLive Taiwan 非比娛樂有限公司 主辦，並由 Flabbergast Productions 協力籌劃，將為台灣歌迷帶來一場經典金曲與現場魅力兼具的難忘夜晚。
2026-02-25 12:31:54,343 - INFO -   票價：1樓 VVIP：NT$ 6,000 元 (包含M&G）
2026-02-25 12:31:54,343 - INFO -   售票時間：售票時間：2026/1/25（日）11:00拓元售票系統正式開賣
2026-02-25 12:31:55,344 - INFO - 處理進度：93/106
2026-02-25 12:31:55,344 - INFO - 正在處理活動：https://tixcraft.com/activity/detail/26_monstax
2026-02-25 12:31:55,767 - WARNING - 未找到intro區塊，嘗試其他選擇器
2026-02-25 12:31:55,770 - INFO - 活動 93：未找到
2026-02-25 12:31:55,770 - INFO -   日期：未找到
2026-02-25 12:31:55,771 - INFO -   時間：未找到
2026-02-25 12:31:55,771 - INFO -   地點：未找到
2026-02-25 12:31:55,771 - INFO -   票價：未找到
2026-02-25 12:31:55,771 - INFO -   售票時間：未找到
2026-02-25 12:31:56,772 - INFO - 處理進度：94/106
2026-02-25 12:31:56,772 - INFO - 正在處理活動：https://tixcraft.com/activity/detail/26_chyiyu
2026-02-25 12:31:57,194 - WARNING - 未找到intro區塊，嘗試其他選擇器
2026-02-25 12:31:57,199 - INFO - 活動 94：未找到
2026-02-25 12:31:57,199 - INFO -   日期：未找到
2026-02-25 12:31:57,199 - INFO -   時間：未找到
2026-02-25 12:31:57,200 - INFO -   地點：未找到
2026-02-25 12:31:57,200 - INFO -   票價：未找到
2026-02-25 12:31:57,200 - INFO -   售票時間：未找到
2026-02-25 12:31:58,200 - INFO - 處理進度：95/106
2026-02-25 12:31:58,200 - INFO - 正在處理活動：https://tixcraft.com/activity/detail/26_anson
2026-02-25 12:31:59,423 - INFO - 提取到 98 行文字內容
2026-02-25 12:31:59,424 - INFO - 活動 95：Anson Seabra：The I Must Be Dreaming Tour
2026-02-25 12:31:59,425 - INFO -   日期：時間：2026/01/19 (一) 11:00 ~ 2026/01/20 (二) 11:00
2026-02-25 12:31:59,425 - INFO -   時間：未找到
2026-02-25 12:31:59,425 - INFO -   地點：● 地點：Legacy Taipei
2026-02-25 12:31:59,425 - INFO -   票價：● 票價：NT$ 1,980 / 990 (身障優惠票)
2026-02-25 12:31:59,425 - INFO -   售票時間：時間：2026/01/22 (四) 11:00 全面開賣
2026-02-25 12:32:00,426 - INFO - 處理進度：96/106
2026-02-25 12:32:00,426 - INFO - 正在處理活動：https://tixcraft.com/activity/detail/26_anson_v
2026-02-25 12:32:00,918 - WARNING - 未找到intro區塊，嘗試其他選擇器
2026-02-25 12:32:00,922 - INFO - 活動 96：未找到
2026-02-25 12:32:00,922 - INFO -   日期：未找到
2026-02-25 12:32:00,922 - INFO -   時間：未找到
2026-02-25 12:32:00,922 - INFO -   地點：未找到
2026-02-25 12:32:00,922 - INFO -   票價：未找到
2026-02-25 12:32:00,922 - INFO -   售票時間：未找到
2026-02-25 12:32:01,923 - INFO - 處理進度：97/106
2026-02-25 12:32:01,923 - INFO - 正在處理活動：https://tixcraft.com/activity/detail/26_day6
2026-02-25 12:32:03,439 - INFO - 提取到 130 行文字內容
2026-02-25 12:32:03,441 - INFO - 活動 97：DAY6 10th Anniversary Tour ＜The DECADE＞ in TAIPEI
2026-02-25 12:32:03,441 - INFO -   日期：時間：2026/03/07 (六) 19:00
2026-02-25 12:32:03,441 - INFO -   時間：未找到
2026-02-25 12:32:03,441 - INFO -   地點：地點：國立體育大學綜合體育館（林口體育館）
2026-02-25 12:32:03,441 - INFO -   票價：VIP - NT$ 6,980：包含 優先進入搖滾區 (僅適用於搖滾區票券), VIP掛牌 & 掛繩, 演前SOUNDCHECK, 簽名明信片
2026-02-25 12:32:03,441 - INFO -   售票時間：未找到
2026-02-25 12:32:04,442 - INFO - 處理進度：98/106
2026-02-25 12:32:04,442 - INFO - 正在處理活動：https://tixcraft.com/activity/detail/26_mltr
2026-02-25 12:32:05,233 - INFO - 提取到 32 行文字內容
2026-02-25 12:32:05,233 - INFO - 活動 98：Michael Learns to Rock Encore All The Hits Taiwan
2026-02-25 12:32:05,233 - INFO -   日期：演出時間：2026/07/05（日）19:00 (實際演出以現場為準)
2026-02-25 12:32:05,233 - INFO -   時間：演出時間：2026/07/05（日）19:00 (實際演出以現場為準)
2026-02-25 12:32:05,234 - INFO -   地點：演出地點： 高雄流行音樂中心海音館
2026-02-25 12:32:05,234 - INFO -   票價：票 價：VVIP 8,800 元／VIP 5,800 元／CAT1 4,800 元／CAT2 3,600 元／CAT3 2,800 元／CAT4 2,200 元／身障席 2,400 元
2026-02-25 12:32:05,234 - INFO -   售票時間：•⁠ 全面開賣：2026/01/13（二）10:00
2026-02-25 12:32:06,234 - INFO - 處理進度：99/106
2026-02-25 12:32:06,234 - INFO - 正在處理活動：https://tixcraft.com/activity/detail/26_cc
2026-02-25 12:32:06,659 - WARNING - 未找到intro區塊，嘗試其他選擇器
2026-02-25 12:32:06,662 - INFO - 活動 99：未找到
2026-02-25 12:32:06,662 - INFO -   日期：未找到
2026-02-25 12:32:06,663 - INFO -   時間：未找到
2026-02-25 12:32:06,663 - INFO -   地點：未找到
2026-02-25 12:32:06,663 - INFO -   票價：未找到
2026-02-25 12:32:06,663 - INFO -   售票時間：未找到
2026-02-25 12:32:07,664 - INFO - 處理進度：100/106
2026-02-25 12:32:07,664 - INFO - 正在處理活動：https://tixcraft.com/activity/detail/26_cc_v
2026-02-25 12:32:08,859 - INFO - 提取到 86 行文字內容
2026-02-25 12:32:08,860 - INFO - 活動 100：【VIP Upgrade/升級VIP】Central Cee – CAN’T RUSH GREATNESS WORLD TOUR – Asia 2026
2026-02-25 12:32:08,860 - INFO -   日期：● 時間：2026/03/11 (三) 19:30
2026-02-25 12:32:08,860 - INFO -   時間：未找到
2026-02-25 12:32:08,860 - INFO -   地點：● 地點：台北國際會議中心(TICC)
2026-02-25 12:32:08,860 - INFO -   票價：NT$ 4,600
2026-02-25 12:32:08,860 - INFO -   售票時間：未找到
2026-02-25 12:32:09,861 - INFO - 處理進度：101/106
2026-02-25 12:32:09,861 - INFO - 正在處理活動：https://tixcraft.com/activity/detail/26_rfclassic
2026-02-25 12:32:10,294 - WARNING - 未找到intro區塊，嘗試其他選擇器
2026-02-25 12:32:10,297 - INFO - 活動 101：未找到
2026-02-25 12:32:10,298 - INFO -   日期：未找到
2026-02-25 12:32:10,298 - INFO -   時間：未找到
2026-02-25 12:32:10,298 - INFO -   地點：未找到
2026-02-25 12:32:10,298 - INFO -   票價：未找到
2026-02-25 12:32:10,298 - INFO -   售票時間：未找到
2026-02-25 12:32:11,298 - INFO - 處理進度：102/106
2026-02-25 12:32:11,298 - INFO - 正在處理活動：https://tixcraft.com/activity/detail/26_megaport
2026-02-25 12:32:12,031 - INFO - 提取到 8 行文字內容
2026-02-25 12:32:12,031 - INFO - 活動 102：2026大港開唱X國泰世華銀行
2026-02-25 12:32:12,031 - INFO -   日期：加入時間：2025/12/04 12:00 起至 2025/12/14 23:59 止
2026-02-25 12:32:12,031 - INFO -   時間：未找到
2026-02-25 12:32:12,032 - INFO -   地點：未找到
2026-02-25 12:32:12,032 - INFO -   票價：未找到
2026-02-25 12:32:12,032 - INFO -   售票時間：未找到
2026-02-25 12:32:12,917 - WARNING - Retrying (Retry(total=2, connect=None, read=None, redirect=None, status=None)) after connection broken by 'ConnectionResetError(10054, '遠端主機已強制關閉一個現存的連線。', None, 10054, None)': /session/40d7178e84b1b9918bc5c01d27b83e2c
2026-02-25 12:32:16,985 - WARNING - Retrying (Retry(total=1, connect=None, read=None, redirect=None, status=None)) after connection broken by 'NewConnectionError("HTTPConnection(host='localhost', port=52458): Failed to establish a new connection: [WinError 10061] 無法連線，因為目標電腦拒絕連線。")': /session/40d7178e84b1b9918bc5c01d27b83e2c
2026-02-25 12:32:21,029 - WARNING - Retrying (Retry(total=0, connect=None, read=None, redirect=None, status=None)) after connection broken by 'NewConnectionError("HTTPConnection(host='localhost', port=52458): Failed to establish a new connection: [WinError 10061] 無法連線，因為目標電腦拒絕連線。")': /session/40d7178e84b1b9918bc5c01d27b83e2c
